<?xml version="1.0" encoding="UTF-8"?>
<!-- Generated by org.testng.reporters.JUnitReportReporter -->
<testsuite hostname="DESKTOP-HN0JOUI" failures="0" tests="1" name="com.qa.fb.tests.SignUpTest" time="108.278" errors="0" timestamp="2022-08-23T08:22:22 IST" skipped="0">
  <testcase classname="com.qa.fb.tests.SignUpTest" name="signUpTest" time="108.278"/>
  <system-out/>
</testsuite> <!-- com.qa.fb.tests.SignUpTest -->
