<?xml version="1.0" encoding="UTF-8"?>
<!-- Generated by org.testng.reporters.JUnitReportReporter -->
<testsuite hostname="DESKTOP-HN0JOUI" failures="0" tests="1" name="com.qa.fb.tests.LoginTest" time="92.058" errors="0" timestamp="2022-08-23T00:11:14 IST" skipped="0">
  <testcase classname="com.qa.fb.tests.LoginTest" name="loginTest" time="92.058"/>
  <system-out/>
</testsuite> <!-- com.qa.fb.tests.LoginTest -->
